<?xml version="1.0" encoding="UTF-8" ?>
<testsuite errors="0" failures="0" hostname="DESKTOP-0J4823F" name="fal18.SportShopRentalTest" skipped="0" tests="7" time="0.069" timestamp="2018-12-14T10:22:28">
  <properties>
[...]
</properties>
  <testcase classname="fal18.SportShopRentalTest" name="testSetNewModel" time="0.001" />
  <testcase classname="fal18.SportShopRentalTest" name="testToString" time="0.001" />
  <testcase classname="fal18.SportShopRentalTest" name="testGetRentalNumber" time="0.0" />
  <testcase classname="fal18.SportShopRentalTest" name="testGetRentalCost" time="0.0" />
  <testcase classname="fal18.SportShopRentalTest" name="testIsNewModel" time="0.0" />
  <testcase classname="fal18.SportShopRentalTest" name="testSetRentalNumber" time="0.0" />
  <testcase classname="fal18.SportShopRentalTest" name="testSetRentalCost" time="0.0" />
  <system-out><![CDATA[Testing setNewModel...
Testing toString...
Testing getRentalNumber...
Testing getRentalCost...
Testing isNewModel...
Testing setRentalNumber...
Testing setRentalCost...
]]></system-out>
  <system-err><![CDATA[]]></system-err>
</testsuite>
